\BOOKMARK [1][-]{section.1}{\376\377\000I\000n\000t\000r\000o\000d\000u\000c\000t\000i\000o\000n}{}% 1
\BOOKMARK [1][-]{section.2}{\376\377\000M\000o\000t\000i\000v\000a\000t\000i\000o\000n}{}% 2
\BOOKMARK [2][-]{subsection.2.1}{\376\377\000C\000h\000a\000l\000l\000e\000n\000g\000e\000\040\0001\000:\000\040\000P\000h\000y\000s\000i\000c\000a\000l\000\040\000S\000o\000i\000l\000\040\000D\000y\000n\000a\000m\000i\000c\000s}{section.2}% 3
\BOOKMARK [2][-]{subsection.2.2}{\376\377\000C\000h\000a\000l\000l\000e\000n\000g\000e\000\040\0002\000:\000\040\000T\000e\000m\000p\000o\000r\000a\000l\000\040\000a\000n\000d\000\040\000M\000u\000l\000t\000i\000-\000S\000e\000a\000s\000o\000n\000\040\000O\000p\000t\000i\000m\000i\000z\000a\000t\000i\000o\000n}{section.2}% 4
\BOOKMARK [2][-]{subsection.2.3}{\376\377\000C\000h\000a\000l\000l\000e\000n\000g\000e\000\040\0003\000:\000\040\000E\000c\000o\000n\000o\000m\000i\000c\000\040\000R\000i\000s\000k\000\040\000a\000n\000d\000\040\000U\000n\000c\000e\000r\000t\000a\000i\000n\000t\000y}{section.2}% 5
\BOOKMARK [2][-]{subsection.2.4}{\376\377\000T\000h\000e\000\040\000I\000n\000t\000e\000g\000r\000a\000t\000i\000o\000n\000\040\000G\000a\000p}{section.2}% 6
\BOOKMARK [2][-]{subsection.2.5}{\376\377\000W\000h\000y\000\040\000C\000r\000o\000p\000S\000e\000n\000s\000e\000\040\000M\000a\000t\000t\000e\000r\000s}{section.2}% 7
\BOOKMARK [1][-]{section.3}{\376\377\000R\000e\000l\000a\000t\000e\000d\000\040\000W\000o\000r\000k}{}% 8
\BOOKMARK [2][-]{subsection.3.1}{\376\377\000R\000e\000s\000e\000a\000r\000c\000h\000\040\000G\000a\000p\000s\000\040\000a\000n\000d\000\040\000C\000r\000o\000p\000S\000e\000n\000s\000e}{section.3}% 9
\BOOKMARK [1][-]{section.4}{\376\377\000S\000y\000s\000t\000e\000m\000\040\000A\000r\000c\000h\000i\000t\000e\000c\000t\000u\000r\000e}{}% 10
\BOOKMARK [2][-]{subsection.4.1}{\376\377\000A\000r\000c\000h\000i\000t\000e\000c\000t\000u\000r\000e\000\040\000D\000e\000s\000c\000r\000i\000p\000t\000i\000o\000n}{section.4}% 11
\BOOKMARK [1][-]{section.5}{\376\377\000M\000o\000d\000u\000l\000e\000\040\0001\000:\000\040\000D\000a\000t\000a\000\040\000A\000c\000q\000u\000i\000s\000i\000t\000i\000o\000n\000\040\000a\000n\000d\000\040\000P\000r\000e\000p\000a\000r\000a\000t\000i\000o\000n}{}% 12
\BOOKMARK [2][-]{subsection.5.1}{\376\377\000D\000a\000t\000a\000s\000e\000t\000\040\000D\000e\000s\000c\000r\000i\000p\000t\000i\000o\000n}{section.5}% 13
\BOOKMARK [2][-]{subsection.5.2}{\376\377\000P\000r\000e\000p\000r\000o\000c\000e\000s\000s\000i\000n\000g\000\040\000A\000l\000g\000o\000r\000i\000t\000h\000m\000s}{section.5}% 14
\BOOKMARK [3][-]{subsubsection.5.2.1}{\376\377\000Z\000-\000S\000c\000o\000r\000e\000\040\000N\000o\000r\000m\000a\000l\000i\000s\000a\000t\000i\000o\000n}{subsection.5.2}% 15
\BOOKMARK [3][-]{algorithm.2}{\376\377\000L\000a\000b\000e\000l\000\040\000E\000n\000c\000o\000d\000i\000n\000g}{subsection.5.2}% 16
\BOOKMARK [3][-]{algorithm.3}{\376\377\000S\000t\000r\000a\000t\000i\000f\000i\000e\000d\000\040\000T\000r\000a\000i\000n\000-\000T\000e\000s\000t\000\040\000S\000p\000l\000i\000t\000\040\000\050\0008\0000\000/\0002\0000\000\051}{subsection.5.2}% 17
\BOOKMARK [1][-]{section.6}{\376\377\000M\000o\000d\000u\000l\000e\000\040\0002\000:\000\040\000E\000n\000s\000e\000m\000b\000l\000e\000\040\000C\000r\000o\000p\000\040\000P\000r\000e\000d\000i\000c\000t\000i\000o\000n}{}% 18
\BOOKMARK [2][-]{subsection.6.1}{\376\377\000B\000a\000s\000e\000\040\000M\000o\000d\000e\000l\000s\000\040\000a\000n\000d\000\040\000H\000y\000p\000e\000r\000p\000a\000r\000a\000m\000e\000t\000e\000r\000s}{section.6}% 19
\BOOKMARK [2][-]{subsection.6.2}{\376\377\000G\000r\000i\000d\000\040\000S\000e\000a\000r\000c\000h\000\040\000H\000y\000p\000e\000r\000p\000a\000r\000a\000m\000e\000t\000e\000r\000\040\000O\000p\000t\000i\000m\000i\000s\000a\000t\000i\000o\000n}{section.6}% 20
\BOOKMARK [2][-]{subsection.6.3}{\376\377\000C\000r\000o\000p\000\040\000C\000l\000a\000s\000s\000\040\000M\000a\000p\000p\000i\000n\000g}{section.6}% 21
\BOOKMARK [2][-]{subsection.6.4}{\376\377\000S\000o\000f\000t\000-\000V\000o\000t\000i\000n\000g\000\040\000E\000n\000s\000e\000m\000b\000l\000e}{section.6}% 22
\BOOKMARK [2][-]{subsection.6.5}{\376\377\000C\000o\000n\000f\000i\000d\000e\000n\000c\000e\000\040\000L\000e\000v\000e\000l\000\040\000A\000s\000s\000i\000g\000n\000m\000e\000n\000t}{section.6}% 23
\BOOKMARK [2][-]{subsection.6.6}{\376\377\000E\000n\000s\000e\000m\000b\000l\000e\000\040\000C\000l\000a\000s\000s\000i\000f\000i\000c\000a\000t\000i\000o\000n\000\040\000P\000e\000r\000f\000o\000r\000m\000a\000n\000c\000e}{section.6}% 24
\BOOKMARK [1][-]{section.7}{\376\377\000M\000o\000d\000u\000l\000e\000\040\0003\000:\000\040\000R\000a\000i\000n\000f\000a\000l\000l\000-\000I\000n\000d\000u\000c\000e\000d\000\040\000N\000u\000t\000r\000i\000e\000n\000t\000\040\000D\000e\000p\000l\000e\000t\000i\000o\000n\000\040\000M\000o\000d\000e\000l\000\040\000\050\000R\000I\000N\000D\000M\000\051}{}% 25
\BOOKMARK [2][-]{subsection.7.1}{\376\377\000M\000o\000t\000i\000v\000a\000t\000i\000o\000n}{section.7}% 26
\BOOKMARK [2][-]{subsection.7.2}{\376\377\000R\000I\000N\000D\000M\000\040\000F\000o\000r\000m\000u\000l\000a\000t\000i\000o\000n}{section.7}% 27
\BOOKMARK [2][-]{subsection.7.3}{\376\377\000N\000u\000t\000r\000i\000e\000n\000t\000\040\000L\000o\000s\000s\000\040\000C\000o\000e\000f\000f\000i\000c\000i\000e\000n\000t\000\040\000T\000a\000b\000l\000e\000s}{section.7}% 28
\BOOKMARK [2][-]{subsection.7.4}{\376\377\000R\000I\000N\000D\000M\000\040\000A\000n\000a\000l\000y\000s\000i\000s\000\040\000R\000e\000s\000u\000l\000t\000s}{section.7}% 29
\BOOKMARK [2][-]{subsection.7.5}{\376\377\000R\000I\000N\000D\000M\000\040\000A\000l\000g\000o\000r\000i\000t\000h\000m\000s}{section.7}% 30
\BOOKMARK [1][-]{section.8}{\376\377\000M\000o\000d\000u\000l\000e\000\040\0004\000:\000\040\000T\000e\000m\000p\000o\000r\000a\000l\000\040\000M\000e\000t\000a\000\040\000M\000o\000d\000e\000l\000i\000n\000g}{}% 31
\BOOKMARK [2][-]{subsection.8.1}{\376\377\000O\000v\000e\000r\000v\000i\000e\000w}{section.8}% 32
\BOOKMARK [2][-]{subsection.8.2}{\376\377\000L\000S\000T\000M\000\040\000T\000r\000a\000i\000n\000i\000n\000g\000\040\000a\000n\000d\000\040\000C\000o\000n\000v\000e\000r\000g\000e\000n\000c\000e}{section.8}% 33
\BOOKMARK [2][-]{subsection.8.3}{\376\377\000L\000S\000T\000M\000\040\000v\000s\000\040\000B\000a\000s\000e\000l\000i\000n\000e\000\040\000C\000o\000m\000p\000a\000r\000i\000s\000o\000n}{section.8}% 34
\BOOKMARK [2][-]{subsection.8.4}{\376\377\000L\000o\000n\000g\000-\000T\000e\000r\000m\000\040\000N\000u\000t\000r\000i\000e\000n\000t\000\040\000T\000r\000a\000j\000e\000c\000t\000o\000r\000i\000e\000s}{section.8}% 35
\BOOKMARK [2][-]{subsection.8.5}{\376\377\000L\000S\000T\000M\000\040\000C\000r\000o\000p\000\040\000S\000e\000q\000u\000e\000n\000c\000e\000\040\000P\000r\000e\000d\000i\000c\000t\000o\000r}{section.8}% 36
\BOOKMARK [2][-]{subsection.8.6}{\376\377\000S\000o\000i\000l\000\040\000N\000u\000t\000r\000i\000e\000n\000t\000\040\000T\000e\000m\000p\000o\000r\000a\000l\000\040\000F\000o\000r\000e\000c\000a\000s\000t\000i\000n\000g}{section.8}% 37
\BOOKMARK [1][-]{section.9}{\376\377\000M\000o\000d\000u\000l\000e\000\040\0005\000:\000\040\000E\000c\000o\000n\000o\000m\000i\000c\000\040\000a\000n\000d\000\040\000R\000i\000s\000k\000\040\000O\000p\000t\000i\000m\000i\000z\000a\000t\000i\000o\000n}{}% 38
\BOOKMARK [2][-]{subsection.9.1}{\376\377\000P\000r\000o\000f\000i\000t\000\040\000M\000o\000d\000e\000l}{section.9}% 39
\BOOKMARK [2][-]{subsection.9.2}{\376\377\000M\000o\000n\000t\000e\000\040\000C\000a\000r\000l\000o\000\040\000S\000i\000m\000u\000l\000a\000t\000i\000o\000n}{section.9}% 40
\BOOKMARK [2][-]{subsection.9.3}{\376\377\000M\000o\000n\000t\000e\000\040\000C\000a\000r\000l\000o\000\040\000C\000o\000n\000v\000e\000r\000g\000e\000n\000c\000e\000\040\000A\000n\000a\000l\000y\000s\000i\000s}{section.9}% 41
\BOOKMARK [2][-]{subsection.9.4}{\376\377\000Q\000-\000L\000e\000a\000r\000n\000i\000n\000g\000\040\000f\000o\000r\000\040\000M\000u\000l\000t\000i\000-\000S\000e\000a\000s\000o\000n\000\040\000C\000r\000o\000p\000\040\000P\000o\000l\000i\000c\000y}{section.9}% 42
\BOOKMARK [2][-]{subsection.9.5}{\376\377\000Q\000-\000L\000e\000a\000r\000n\000i\000n\000g\000\040\000M\000D\000P\000\040\000F\000o\000r\000m\000u\000l\000a\000t\000i\000o\000n}{section.9}% 43
\BOOKMARK [2][-]{subsection.9.6}{\376\377\000S\000o\000i\000l\000\040\000S\000u\000s\000t\000a\000i\000n\000a\000b\000i\000l\000i\000t\000y\000\040\000A\000n\000a\000l\000y\000s\000i\000s}{section.9}% 44
\BOOKMARK [2][-]{subsection.9.7}{\376\377\000P\000a\000r\000a\000m\000e\000t\000e\000r\000\040\000S\000e\000n\000s\000i\000t\000i\000v\000i\000t\000y\000\040\000A\000n\000a\000l\000y\000s\000i\000s}{section.9}% 45
\BOOKMARK [2][-]{subsection.9.8}{\376\377\000P\000a\000r\000e\000t\000o\000-\000O\000p\000t\000i\000m\000a\000l\000\040\000F\000r\000o\000n\000t}{section.9}% 46
\BOOKMARK [1][-]{section.10}{\376\377\000M\000o\000d\000u\000l\000e\000\040\0006\000:\000\040\000D\000e\000c\000i\000s\000i\000o\000n\000\040\000O\000u\000t\000p\000u\000t\000\040\000a\000n\000d\000\040\000F\000e\000e\000d\000b\000a\000c\000k}{}% 47
\BOOKMARK [2][-]{subsection.10.1}{\376\377\000D\000e\000c\000i\000s\000i\000o\000n\000\040\000A\000g\000g\000r\000e\000g\000a\000t\000i\000o\000n}{section.10}% 48
\BOOKMARK [2][-]{subsection.10.2}{\376\377\000F\000e\000e\000d\000b\000a\000c\000k\000\040\000L\000o\000o\000p\000\040\000a\000n\000d\000\040\000M\000o\000d\000e\000l\000\040\000R\000e\000t\000r\000a\000i\000n\000i\000n\000g}{section.10}% 49
\BOOKMARK [1][-]{section.11}{\376\377\000E\000x\000p\000e\000r\000i\000m\000e\000n\000t\000s\000\040\000a\000n\000d\000\040\000R\000e\000s\000u\000l\000t\000s}{}% 50
\BOOKMARK [2][-]{subsection.11.1}{\376\377\000M\000o\000d\000e\000l\000\040\000P\000e\000r\000f\000o\000r\000m\000a\000n\000c\000e}{section.11}% 51
\BOOKMARK [2][-]{subsection.11.2}{\376\377\000T\000o\000o\000l\000s\000\040\000a\000n\000d\000\040\000T\000e\000c\000h\000n\000o\000l\000o\000g\000i\000e\000s}{section.11}% 52
\BOOKMARK [2][-]{subsection.11.3}{\376\377\000D\000i\000s\000c\000u\000s\000s\000i\000o\000n}{section.11}% 53
\BOOKMARK [1][-]{section.12}{\376\377\000C\000o\000n\000c\000l\000u\000s\000i\000o\000n\000\040\000a\000n\000d\000\040\000F\000u\000t\000u\000r\000e\000\040\000W\000o\000r\000k}{}% 54
\BOOKMARK [1][-]{section*.20}{\376\377\000R\000e\000f\000e\000r\000e\000n\000c\000e\000s}{}% 55
